Exception information:

           Date: Jan 04, 2017 6:21AM

           Message: SQLSTATE[42S02]: Base table or view not found: 1146 Table 'nhaxinh.u' doesn't exist

           Code: 42S02

           File: C:\xampp\htdocs\nhaxinhphp\system\Helpers\Database.php

           Line: 96

           Stack trace:

           #0 C:\xampp\htdocs\nhaxinhphp\system\Helpers\Database.php(96): PDOStatement->execute()
#1 C:\xampp\htdocs\nhaxinhphp\app\Models\UserModel.php(18): Helpers\Database->select('SELECT U.passwo...', Array)
#2 C:\xampp\htdocs\nhaxinhphp\app\Controllers\Login.php(60): app\Models\UserModel->get_hash('admin')
#3 [internal function]: App\Controllers\Login->login()
#4 C:\xampp\htdocs\nhaxinhphp\system\Core\Router.php(193): call_user_func_array(Array, Array)
#5 C:\xampp\htdocs\nhaxinhphp\system\Core\Router.php(224): Core\Router->invokeController('App\\Controllers...', 'login', Array)
#6 C:\xampp\htdocs\nhaxinhphp\system\Core\Router.php(261): Core\Router->invokeObject('App\\Controllers...', Array)
#7 C:\xampp\htdocs\nhaxinhphp\app\Routes.php(41): Core\Router->dispatch()
#8 C:\xampp\htdocs\nhaxinhphp\index.php(74): require('C:\\xampp\\htdocs...')
#9 {main}

           ---------

Exception information:

           Date: Jan 04, 2017 6:26AM

           Message: SQLSTATE[42S02]: Base table or view not found: 1146 Table 'nhaxinh.u' doesn't exist

           Code: 42S02

           File: C:\xampp\htdocs\nhaxinhphp\system\Helpers\Database.php

           Line: 96

           Stack trace:

           #0 C:\xampp\htdocs\nhaxinhphp\system\Helpers\Database.php(96): PDOStatement->execute()
#1 C:\xampp\htdocs\nhaxinhphp\app\Models\UserModel.php(18): Helpers\Database->select('SELECT U.passwo...', Array)
#2 C:\xampp\htdocs\nhaxinhphp\app\Controllers\Login.php(60): app\Models\UserModel->get_hash('admin')
#3 [internal function]: App\Controllers\Login->login()
#4 C:\xampp\htdocs\nhaxinhphp\system\Core\Router.php(193): call_user_func_array(Array, Array)
#5 C:\xampp\htdocs\nhaxinhphp\system\Core\Router.php(224): Core\Router->invokeController('App\\Controllers...', 'login', Array)
#6 C:\xampp\htdocs\nhaxinhphp\system\Core\Router.php(261): Core\Router->invokeObject('App\\Controllers...', Array)
#7 C:\xampp\htdocs\nhaxinhphp\app\Routes.php(41): Core\Router->dispatch()
#8 C:\xampp\htdocs\nhaxinhphp\index.php(74): require('C:\\xampp\\htdocs...')
#9 {main}

           ---------

Exception information:

           Date: Jan 04, 2017 6:26AM

           Message: SQLSTATE[42S02]: Base table or view not found: 1146 Table 'nhaxinh.u' doesn't exist

           Code: 42S02

           File: C:\xampp\htdocs\nhaxinhphp\system\Helpers\Database.php

           Line: 96

           Stack trace:

           #0 C:\xampp\htdocs\nhaxinhphp\system\Helpers\Database.php(96): PDOStatement->execute()
#1 C:\xampp\htdocs\nhaxinhphp\app\Models\UserModel.php(17): Helpers\Database->select('SELECT U.passwo...', Array)
#2 C:\xampp\htdocs\nhaxinhphp\app\Controllers\Login.php(60): app\Models\UserModel->get_hash('admin')
#3 [internal function]: App\Controllers\Login->login()
#4 C:\xampp\htdocs\nhaxinhphp\system\Core\Router.php(193): call_user_func_array(Array, Array)
#5 C:\xampp\htdocs\nhaxinhphp\system\Core\Router.php(224): Core\Router->invokeController('App\\Controllers...', 'login', Array)
#6 C:\xampp\htdocs\nhaxinhphp\system\Core\Router.php(261): Core\Router->invokeObject('App\\Controllers...', Array)
#7 C:\xampp\htdocs\nhaxinhphp\app\Routes.php(41): Core\Router->dispatch()
#8 C:\xampp\htdocs\nhaxinhphp\index.php(74): require('C:\\xampp\\htdocs...')
#9 {main}

           ---------

